Configuring authenticate-oauth-1.6...
Building authenticate-oauth-1.6...
Preprocessing library authenticate-oauth-1.6...
[1 of 2] Compiling Web.Authenticate.OAuth ( Web/Authenticate/OAuth.hs, .stack-work/dist/x86_64-osx/Cabal-1.24.2.0/build/Web/Authenticate/OAuth.o )

Web/Authenticate/OAuth.hs:399:24: warning: [-Wdeprecations]
    In the use of ‘parseUrl’
    (imported from Network.HTTP.Client, but defined in http-client-0.5.5:Network.HTTP.Client.Request):
    Deprecated: "Please use parseUrlThrow, parseRequest, or parseRequest_ instead"

Web/Authenticate/OAuth.hs:486:34: warning: [-Wdeprecations]
    In the use of ‘parseUrl’
    (imported from Network.HTTP.Client, but defined in http-client-0.5.5:Network.HTTP.Client.Request):
    Deprecated: "Please use parseUrlThrow, parseRequest, or parseRequest_ instead"
[2 of 2] Compiling Web.Authenticate.OAuth.IO ( Web/Authenticate/OAuth/IO.hs, .stack-work/dist/x86_64-osx/Cabal-1.24.2.0/build/Web/Authenticate/OAuth/IO.o )

Web/Authenticate/OAuth/IO.hs:35:35: warning: [-Wdeprecations]
    In the use of ‘withManager’
    (imported from Network.HTTP.Client, but defined in http-client-0.5.5:Network.HTTP.Client.Manager):
    Deprecated: "Use newManager instead"

Web/Authenticate/OAuth/IO.hs:43:12: warning: [-Wdeprecations]
    In the use of ‘withManager’
    (imported from Network.HTTP.Client, but defined in http-client-0.5.5:Network.HTTP.Client.Manager):
    Deprecated: "Use newManager instead"

Web/Authenticate/OAuth/IO.hs:51:45: warning: [-Wdeprecations]
    In the use of ‘withManager’
    (imported from Network.HTTP.Client, but defined in http-client-0.5.5:Network.HTTP.Client.Manager):
    Deprecated: "Use newManager instead"

Web/Authenticate/OAuth/IO.hs:57:44: warning: [-Wdeprecations]
    In the use of ‘withManager’
    (imported from Network.HTTP.Client, but defined in http-client-0.5.5:Network.HTTP.Client.Manager):
    Deprecated: "Use newManager instead"

Web/Authenticate/OAuth/IO.hs:66:33: warning: [-Wdeprecations]
    In the use of ‘withManager’
    (imported from Network.HTTP.Client, but defined in http-client-0.5.5:Network.HTTP.Client.Manager):
    Deprecated: "Use newManager instead"

Web/Authenticate/OAuth/IO.hs:75:40: warning: [-Wdeprecations]
    In the use of ‘withManager’
    (imported from Network.HTTP.Client, but defined in http-client-0.5.5:Network.HTTP.Client.Manager):
    Deprecated: "Use newManager instead"

Web/Authenticate/OAuth/IO.hs:82:39: warning: [-Wdeprecations]
    In the use of ‘withManager’
    (imported from Network.HTTP.Client, but defined in http-client-0.5.5:Network.HTTP.Client.Manager):
    Deprecated: "Use newManager instead"
Installing library in
/Users/tatsuki/.stack/snapshots/x86_64-osx/lts-8.0/8.0.2/lib/x86_64-osx-ghc-8.0.2/authenticate-oauth-1.6-B3SH0GD3V0fB49J33d0F0w
Registering authenticate-oauth-1.6...
